[13-Mar-2025 10:00:21 Europe/Madrid] PHP Warning:  Undefined array key "peso_objetivo" in D:\Xaamp\htdocs\corecraft\app\views\auth\perfil.php on line 183
[13-Mar-2025 10:00:21 Europe/Madrid] PHP Warning:  Undefined array key "obtenido" in D:\Xaamp\htdocs\corecraft\app\views\auth\perfil.php on line 200
[13-Mar-2025 10:00:21 Europe/Madrid] PHP Warning:  Undefined array key "obtenido" in D:\Xaamp\htdocs\corecraft\app\views\auth\perfil.php on line 202
[13-Mar-2025 10:00:21 Europe/Madrid] PHP Warning:  Undefined array key "obtenido" in D:\Xaamp\htdocs\corecraft\app\views\auth\perfil.php on line 213
[13-Mar-2025 10:00:21 Europe/Madrid] PHP Warning:  Undefined array key "obtenido" in D:\Xaamp\htdocs\corecraft\app\views\auth\perfil.php on line 200
[13-Mar-2025 10:00:21 Europe/Madrid] PHP Warning:  Undefined array key "obtenido" in D:\Xaamp\htdocs\corecraft\app\views\auth\perfil.php on line 202
[13-Mar-2025 10:00:21 Europe/Madrid] PHP Warning:  Undefined array key "obtenido" in D:\Xaamp\htdocs\corecraft\app\views\auth\perfil.php on line 213
[13-Mar-2025 10:00:21 Europe/Madrid] PHP Warning:  Undefined array key "obtenido" in D:\Xaamp\htdocs\corecraft\app\views\auth\perfil.php on line 200
[13-Mar-2025 10:00:21 Europe/Madrid] PHP Warning:  Undefined array key "obtenido" in D:\Xaamp\htdocs\corecraft\app\views\auth\perfil.php on line 202
[13-Mar-2025 10:00:21 Europe/Madrid] PHP Warning:  Undefined array key "obtenido" in D:\Xaamp\htdocs\corecraft\app\views\auth\perfil.php on line 213
[13-Mar-2025 10:00:21 Europe/Madrid] PHP Warning:  Undefined array key "obtenido" in D:\Xaamp\htdocs\corecraft\app\views\auth\perfil.php on line 200
[13-Mar-2025 10:00:21 Europe/Madrid] PHP Warning:  Undefined array key "obtenido" in D:\Xaamp\htdocs\corecraft\app\views\auth\perfil.php on line 202
[13-Mar-2025 10:00:21 Europe/Madrid] PHP Warning:  Undefined array key "obtenido" in D:\Xaamp\htdocs\corecraft\app\views\auth\perfil.php on line 213
[13-Mar-2025 10:00:21 Europe/Madrid] PHP Warning:  Undefined array key "obtenido" in D:\Xaamp\htdocs\corecraft\app\views\auth\perfil.php on line 200
[13-Mar-2025 10:00:21 Europe/Madrid] PHP Warning:  Undefined array key "obtenido" in D:\Xaamp\htdocs\corecraft\app\views\auth\perfil.php on line 202
[13-Mar-2025 10:00:21 Europe/Madrid] PHP Warning:  Undefined array key "obtenido" in D:\Xaamp\htdocs\corecraft\app\views\auth\perfil.php on line 213
[13-Mar-2025 10:00:21 Europe/Madrid] PHP Warning:  Undefined array key "obtenido" in D:\Xaamp\htdocs\corecraft\app\views\auth\perfil.php on line 200
[13-Mar-2025 10:00:21 Europe/Madrid] PHP Warning:  Undefined array key "obtenido" in D:\Xaamp\htdocs\corecraft\app\views\auth\perfil.php on line 202
[13-Mar-2025 10:00:21 Europe/Madrid] PHP Warning:  Undefined array key "obtenido" in D:\Xaamp\htdocs\corecraft\app\views\auth\perfil.php on line 213
[13-Mar-2025 10:00:21 Europe/Madrid] PHP Warning:  Undefined array key "obtenido" in D:\Xaamp\htdocs\corecraft\app\views\auth\perfil.php on line 200
[13-Mar-2025 10:00:21 Europe/Madrid] PHP Warning:  Undefined array key "obtenido" in D:\Xaamp\htdocs\corecraft\app\views\auth\perfil.php on line 202
[13-Mar-2025 10:00:21 Europe/Madrid] PHP Warning:  Undefined array key "obtenido" in D:\Xaamp\htdocs\corecraft\app\views\auth\perfil.php on line 213
[13-Mar-2025 10:00:21 Europe/Madrid] PHP Warning:  Undefined array key "obtenido" in D:\Xaamp\htdocs\corecraft\app\views\auth\perfil.php on line 200
[13-Mar-2025 10:00:21 Europe/Madrid] PHP Warning:  Undefined array key "obtenido" in D:\Xaamp\htdocs\corecraft\app\views\auth\perfil.php on line 202
[13-Mar-2025 10:00:21 Europe/Madrid] PHP Warning:  Undefined array key "obtenido" in D:\Xaamp\htdocs\corecraft\app\views\auth\perfil.php on line 213
[13-Mar-2025 10:00:47 Europe/Madrid] PHP Warning:  Undefined array key "peso_objetivo" in D:\Xaamp\htdocs\corecraft\app\views\auth\perfil.php on line 183
[13-Mar-2025 10:01:13 Europe/Madrid] PHP Warning:  Undefined array key "peso_objetivo" in D:\Xaamp\htdocs\corecraft\app\views\auth\perfil.php on line 183
[13-Mar-2025 10:01:14 Europe/Madrid] PHP Warning:  Undefined array key "peso_objetivo" in D:\Xaamp\htdocs\corecraft\app\views\auth\perfil.php on line 183
[14-Mar-2025 17:22:39 Europe/Madrid] Intento de login - Email: victor_ardite3@ceroca.cat
[14-Mar-2025 17:22:39 Europe/Madrid] Usuario encontrado: Sí
[14-Mar-2025 17:22:39 Europe/Madrid] Verificando contraseña para usuario: victor_ardite3@ceroca.cat
[14-Mar-2025 17:22:39 Europe/Madrid] Contraseña válida: Sí
[14-Mar-2025 17:22:39 Europe/Madrid] Sesión iniciada para usuario: victor_ardite3@ceroca.cat
[14-Mar-2025 17:22:39 Europe/Madrid] SESSION data: Array
(
    [user_id] => 3
    [user_name] => victor3
    [user_email] => victor_ardite3@ceroca.cat
    [user_edad] => 23
    [user_peso] => 34.00
    [user_altura] => 214.00
    [user_objetivo] => 
    [authenticated] => 1
)

[17-Mar-2025 15:19:23 Europe/Madrid] Intento de login - Email: victor_ardite3@ceroca.cat
[17-Mar-2025 15:19:23 Europe/Madrid] Usuario encontrado: Sí
[17-Mar-2025 15:19:23 Europe/Madrid] Verificando contraseña para usuario: victor_ardite3@ceroca.cat
[17-Mar-2025 15:19:23 Europe/Madrid] Contraseña válida: Sí
[17-Mar-2025 15:19:23 Europe/Madrid] Sesión iniciada para usuario: victor_ardite3@ceroca.cat
[17-Mar-2025 15:19:23 Europe/Madrid] SESSION data: Array
(
    [user_id] => 3
    [user_name] => victor3
    [user_email] => victor_ardite3@ceroca.cat
    [user_edad] => 23
    [user_peso] => 34.00
    [user_altura] => 214.00
    [user_objetivo] => 
    [authenticated] => 1
)

